#
# A fatal error has been detected by the Java Runtime Environment:
#
#  Internal Error (method.cpp:1850), pid=33948, tid=36112
#  fatal error: no original bytecode found in chess.game.Game.startGame()V at bci 260
#
# JRE version: Java(TM) SE Runtime Environment (17.0.10+11) (build 17.0.10+11-LTS-240)
# Java VM: Java HotSpot(TM) 64-Bit Server VM (17.0.10+11-LTS-240, mixed mode, sharing, tiered, compressed oops, compressed class ptrs, g1 gc, windows-amd64)
# No core dump will be written. Minidumps are not enabled by default on client versions of Windows
#
# If you would like to submit a bug report, please visit:
#   https://bugreport.java.com/bugreport/crash.jsp
#

---------------  S U M M A R Y ------------

Command Line: -agentlib:jdwp=transport=dt_socket,address=127.0.0.1:56200,suspend=y,server=n -javaagent:C:\Users\Akhilesh\AppData\Local\JetBrains\IntelliJIdea2023.3\captureAgent\debugger-agent.jar -Dfile.encoding=UTF-8 org.example.Main

Host: 11th Gen Intel(R) Core(TM) i5-1135G7 @ 2.40GHz, 8 cores, 7G,  Windows 11 , 64 bit Build 22621 (10.0.22621.3374)
Time: Sun Apr 21 20:36:49 2024 India Standard Time elapsed time: 1301.875508 seconds (0d 0h 21m 41s)

---------------  T H R E A D  ---------------

Current thread (0x000001aa17e84420):  JavaThread "main" [_thread_in_vm, id=36112, stack(0x0000002f42b00000,0x0000002f42c00000)]

Stack: [0x0000002f42b00000,0x0000002f42c00000]
Native frames: (J=compiled Java code, j=interpreted, Vv=VM code, C=native code)
V  [jvm.dll+0x677a5a]
V  [jvm.dll+0x7d8b2d]
V  [jvm.dll+0x7da48e]
V  [jvm.dll+0x24534b]
V  [jvm.dll+0x62c3bf]
V  [jvm.dll+0x37ef14]
C  0x000001aa26c89d42

Java frames: (J=compiled Java code, j=interpreted, Vv=VM code)
j  chess.game.Game.startGame()V+260
j  org.example.Main.main([Ljava/lang/String;)V+9
v  ~StubRoutines::call_stub

---------------  P R O C E S S  ---------------

Threads class SMR info:
_java_thread_list=0x000001aa7b154650, length=14, elements={
0x000001aa17e84420, 0x000001aa35d45d70, 0x000001aa35d47940, 0x000001aa35d592f0,
0x000001aa35d5abd0, 0x000001aa35d5d4b0, 0x000001aa35d65d90, 0x000001aa35d6a760,
0x000001aa35d8b950, 0x000001aa35d8c670, 0x000001aa35d30c80, 0x000001aa7b17f3d0,
0x000001aa7b22e810, 0x000001aa7b1b6680
}

Java Threads: ( => current thread )
=>0x000001aa17e84420 JavaThread "main" [_thread_in_vm, id=36112, stack(0x0000002f42b00000,0x0000002f42c00000)]
  0x000001aa35d45d70 JavaThread "Reference Handler" daemon [_thread_blocked, id=4512, stack(0x0000002f43200000,0x0000002f43300000)]
  0x000001aa35d47940 JavaThread "Finalizer" daemon [_thread_blocked, id=34472, stack(0x0000002f43300000,0x0000002f43400000)]
  0x000001aa35d592f0 JavaThread "Signal Dispatcher" daemon [_thread_blocked, id=10756, stack(0x0000002f43400000,0x0000002f43500000)]
  0x000001aa35d5abd0 JavaThread "Attach Listener" daemon [_thread_blocked, id=33396, stack(0x0000002f43500000,0x0000002f43600000)]
  0x000001aa35d5d4b0 JavaThread "Service Thread" daemon [_thread_blocked, id=25844, stack(0x0000002f43600000,0x0000002f43700000)]
  0x000001aa35d65d90 JavaThread "Monitor Deflation Thread" daemon [_thread_blocked, id=28384, stack(0x0000002f43700000,0x0000002f43800000)]
  0x000001aa35d6a760 JavaThread "C2 CompilerThread0" daemon [_thread_blocked, id=36024, stack(0x0000002f43800000,0x0000002f43900000)]
  0x000001aa35d8b950 JavaThread "C1 CompilerThread0" daemon [_thread_blocked, id=14884, stack(0x0000002f43900000,0x0000002f43a00000)]
  0x000001aa35d8c670 JavaThread "Sweeper thread" daemon [_thread_blocked, id=35504, stack(0x0000002f43a00000,0x0000002f43b00000)]
  0x000001aa35d30c80 JavaThread "Common-Cleaner" daemon [_thread_blocked, id=35944, stack(0x0000002f43b00000,0x0000002f43c00000)]
  0x000001aa7b17f3d0 JavaThread "JDWP Transport Listener: dt_socket" daemon [_thread_blocked, id=35804, stack(0x0000002f43d00000,0x0000002f43e00000)]
  0x000001aa7b22e810 JavaThread "JDWP Event Helper Thread" daemon [_thread_blocked, id=28392, stack(0x0000002f43e00000,0x0000002f43f00000)]
  0x000001aa7b1b6680 JavaThread "Notification Thread" daemon [_thread_blocked, id=34792, stack(0x0000002f43c00000,0x0000002f43d00000)]

Other Threads:
  0x000001aa35d422d0 VMThread "VM Thread" [stack: 0x0000002f43100000,0x0000002f43200000] [id=22964] _threads_hazard_ptr=0x000001aa7b154650
  0x000001aa17f02be0 WatcherThread [stack: 0x0000002f44000000,0x0000002f44100000] [id=30128]
  0x000001aa17edcf60 GCTaskThread "GC Thread#0" [stack: 0x0000002f42c00000,0x0000002f42d00000] [id=31884]
  0x000001aa17eeebd0 ConcurrentGCThread "G1 Main Marker" [stack: 0x0000002f42d00000,0x0000002f42e00000] [id=25596]
  0x000001aa17eef5e0 ConcurrentGCThread "G1 Conc#0" [stack: 0x0000002f42e00000,0x0000002f42f00000] [id=35920]
  0x000001aa35bf20b0 ConcurrentGCThread "G1 Refine#0" [stack: 0x0000002f42f00000,0x0000002f43000000] [id=25184]
  0x000001aa35bf2ae0 ConcurrentGCThread "G1 Service" [stack: 0x0000002f43000000,0x0000002f43100000] [id=4624]

Threads with active compile tasks:

VM state: synchronizing (normal execution)

VM Mutex/Monitor currently owned by a thread:  ([mutex/lock_event])
[0x000001aa17e7f310] Threads_lock - owner thread: 0x000001aa35d422d0

Heap address: 0x0000000085800000, size: 1960 MB, Compressed Oops mode: 32-bit

CDS archive(s) mapped at: [0x000001aa36000000-0x000001aa36bd0000-0x000001aa36bd0000), size 12386304, SharedBaseAddress: 0x000001aa36000000, ArchiveRelocationMode: 1.
Compressed class space mapped at: 0x000001aa37000000-0x000001aa77000000, reserved size: 1073741824
Narrow klass base: 0x000001aa36000000, Narrow klass shift: 0, Narrow klass range: 0x100000000

GC Precious Log:
 CPUs: 8 total, 8 available
 Memory: 7834M
 Large Page Support: Disabled
 NUMA Support: Disabled
 Compressed Oops: Enabled (32-bit)
 Heap Region Size: 1M
 Heap Min Capacity: 8M
 Heap Initial Capacity: 124M
 Heap Max Capacity: 1960M
 Pre-touch: Disabled
 Parallel Workers: 8
 Concurrent Workers: 2
 Concurrent Refinement Workers: 8
 Periodic GC: Disabled

Heap:
 garbage-first heap   total 126976K, used 7168K [0x0000000085800000, 0x0000000100000000)
  region size 1024K, 8 young (8192K), 0 survivors (0K)
 Metaspace       used 1057K, committed 1216K, reserved 1114112K
  class space    used 78K, committed 128K, reserved 1048576K

Heap Regions: E=young(eden), S=young(survivor), O=old, HS=humongous(starts), HC=humongous(continues), CS=collection set, F=free, OA=open archive, CA=closed archive, TAMS=top-at-mark-start (previous, next)
|   0|0x0000000085800000, 0x0000000085800000, 0x0000000085900000|  0%| F|  |TAMS 0x0000000085800000, 0x0000000085800000| Untracked 
|   1|0x0000000085900000, 0x0000000085900000, 0x0000000085a00000|  0%| F|  |TAMS 0x0000000085900000, 0x0000000085900000| Untracked 
|   2|0x0000000085a00000, 0x0000000085a00000, 0x0000000085b00000|  0%| F|  |TAMS 0x0000000085a00000, 0x0000000085a00000| Untracked 
|   3|0x0000000085b00000, 0x0000000085b00000, 0x0000000085c00000|  0%| F|  |TAMS 0x0000000085b00000, 0x0000000085b00000| Untracked 
|   4|0x0000000085c00000, 0x0000000085c00000, 0x0000000085d00000|  0%| F|  |TAMS 0x0000000085c00000, 0x0000000085c00000| Untracked 
|   5|0x0000000085d00000, 0x0000000085d00000, 0x0000000085e00000|  0%| F|  |TAMS 0x0000000085d00000, 0x0000000085d00000| Untracked 
|   6|0x0000000085e00000, 0x0000000085e00000, 0x0000000085f00000|  0%| F|  |TAMS 0x0000000085e00000, 0x0000000085e00000| Untracked 
|   7|0x0000000085f00000, 0x0000000085f00000, 0x0000000086000000|  0%| F|  |TAMS 0x0000000085f00000, 0x0000000085f00000| Untracked 
|   8|0x0000000086000000, 0x0000000086000000, 0x0000000086100000|  0%| F|  |TAMS 0x0000000086000000, 0x0000000086000000| Untracked 
|   9|0x0000000086100000, 0x0000000086100000, 0x0000000086200000|  0%| F|  |TAMS 0x0000000086100000, 0x0000000086100000| Untracked 
|  10|0x0000000086200000, 0x0000000086200000, 0x0000000086300000|  0%| F|  |TAMS 0x0000000086200000, 0x0000000086200000| Untracked 
|  11|0x0000000086300000, 0x0000000086300000, 0x0000000086400000|  0%| F|  |TAMS 0x0000000086300000, 0x0000000086300000| Untracked 
|  12|0x0000000086400000, 0x0000000086400000, 0x0000000086500000|  0%| F|  |TAMS 0x0000000086400000, 0x0000000086400000| Untracked 
|  13|0x0000000086500000, 0x0000000086500000, 0x0000000086600000|  0%| F|  |TAMS 0x0000000086500000, 0x0000000086500000| Untracked 
|  14|0x0000000086600000, 0x0000000086600000, 0x0000000086700000|  0%| F|  |TAMS 0x0000000086600000, 0x0000000086600000| Untracked 
|  15|0x0000000086700000, 0x0000000086700000, 0x0000000086800000|  0%| F|  |TAMS 0x0000000086700000, 0x0000000086700000| Untracked 
|  16|0x0000000086800000, 0x0000000086800000, 0x0000000086900000|  0%| F|  |TAMS 0x0000000086800000, 0x0000000086800000| Untracked 
|  17|0x0000000086900000, 0x0000000086900000, 0x0000000086a00000|  0%| F|  |TAMS 0x0000000086900000, 0x0000000086900000| Untracked 
|  18|0x0000000086a00000, 0x0000000086a00000, 0x0000000086b00000|  0%| F|  |TAMS 0x0000000086a00000, 0x0000000086a00000| Untracked 
|  19|0x0000000086b00000, 0x0000000086b00000, 0x0000000086c00000|  0%| F|  |TAMS 0x0000000086b00000, 0x0000000086b00000| Untracked 
|  20|0x0000000086c00000, 0x0000000086c00000, 0x0000000086d00000|  0%| F|  |TAMS 0x0000000086c00000, 0x0000000086c00000| Untracked 
|  21|0x0000000086d00000, 0x0000000086d00000, 0x0000000086e00000|  0%| F|  |TAMS 0x0000000086d00000, 0x0000000086d00000| Untracked 
|  22|0x0000000086e00000, 0x0000000086e00000, 0x0000000086f00000|  0%| F|  |TAMS 0x0000000086e00000, 0x0000000086e00000| Untracked 
|  23|0x0000000086f00000, 0x0000000086f00000, 0x0000000087000000|  0%| F|  |TAMS 0x0000000086f00000, 0x0000000086f00000| Untracked 
|  24|0x0000000087000000, 0x0000000087000000, 0x0000000087100000|  0%| F|  |TAMS 0x0000000087000000, 0x0000000087000000| Untracked 
|  25|0x0000000087100000, 0x0000000087100000, 0x0000000087200000|  0%| F|  |TAMS 0x0000000087100000, 0x0000000087100000| Untracked 
|  26|0x0000000087200000, 0x0000000087200000, 0x0000000087300000|  0%| F|  |TAMS 0x0000000087200000, 0x0000000087200000| Untracked 
|  27|0x0000000087300000, 0x0000000087300000, 0x0000000087400000|  0%| F|  |TAMS 0x0000000087300000, 0x0000000087300000| Untracked 
|  28|0x0000000087400000, 0x0000000087400000, 0x0000000087500000|  0%| F|  |TAMS 0x0000000087400000, 0x0000000087400000| Untracked 
|  29|0x0000000087500000, 0x0000000087500000, 0x0000000087600000|  0%| F|  |TAMS 0x0000000087500000, 0x0000000087500000| Untracked 
|  30|0x0000000087600000, 0x0000000087600000, 0x0000000087700000|  0%| F|  |TAMS 0x0000000087600000, 0x0000000087600000| Untracked 
|  31|0x0000000087700000, 0x0000000087700000, 0x0000000087800000|  0%| F|  |TAMS 0x0000000087700000, 0x0000000087700000| Untracked 
|  32|0x0000000087800000, 0x0000000087800000, 0x0000000087900000|  0%| F|  |TAMS 0x0000000087800000, 0x0000000087800000| Untracked 
|  33|0x0000000087900000, 0x0000000087900000, 0x0000000087a00000|  0%| F|  |TAMS 0x0000000087900000, 0x0000000087900000| Untracked 
|  34|0x0000000087a00000, 0x0000000087a00000, 0x0000000087b00000|  0%| F|  |TAMS 0x0000000087a00000, 0x0000000087a00000| Untracked 
|  35|0x0000000087b00000, 0x0000000087b00000, 0x0000000087c00000|  0%| F|  |TAMS 0x0000000087b00000, 0x0000000087b00000| Untracked 
|  36|0x0000000087c00000, 0x0000000087c00000, 0x0000000087d00000|  0%| F|  |TAMS 0x0000000087c00000, 0x0000000087c00000| Untracked 
|  37|0x0000000087d00000, 0x0000000087d00000, 0x0000000087e00000|  0%| F|  |TAMS 0x0000000087d00000, 0x0000000087d00000| Untracked 
|  38|0x0000000087e00000, 0x0000000087e00000, 0x0000000087f00000|  0%| F|  |TAMS 0x0000000087e00000, 0x0000000087e00000| Untracked 
|  39|0x0000000087f00000, 0x0000000087f00000, 0x0000000088000000|  0%| F|  |TAMS 0x0000000087f00000, 0x0000000087f00000| Untracked 
|  40|0x0000000088000000, 0x0000000088000000, 0x0000000088100000|  0%| F|  |TAMS 0x0000000088000000, 0x0000000088000000| Untracked 
|  41|0x0000000088100000, 0x0000000088100000, 0x0000000088200000|  0%| F|  |TAMS 0x0000000088100000, 0x0000000088100000| Untracked 
|  42|0x0000000088200000, 0x0000000088200000, 0x0000000088300000|  0%| F|  |TAMS 0x0000000088200000, 0x0000000088200000| Untracked 
|  43|0x0000000088300000, 0x0000000088300000, 0x0000000088400000|  0%| F|  |TAMS 0x0000000088300000, 0x0000000088300000| Untracked 
|  44|0x0000000088400000, 0x0000000088400000, 0x0000000088500000|  0%| F|  |TAMS 0x0000000088400000, 0x0000000088400000| Untracked 
|  45|0x0000000088500000, 0x0000000088500000, 0x0000000088600000|  0%| F|  |TAMS 0x0000000088500000, 0x0000000088500000| Untracked 
|  46|0x0000000088600000, 0x0000000088600000, 0x0000000088700000|  0%| F|  |TAMS 0x0000000088600000, 0x0000000088600000| Untracked 
|  47|0x0000000088700000, 0x0000000088700000, 0x0000000088800000|  0%| F|  |TAMS 0x0000000088700000, 0x0000000088700000| Untracked 
|  48|0x0000000088800000, 0x0000000088800000, 0x0000000088900000|  0%| F|  |TAMS 0x0000000088800000, 0x0000000088800000| Untracked 
|  49|0x0000000088900000, 0x0000000088900000, 0x0000000088a00000|  0%| F|  |TAMS 0x0000000088900000, 0x0000000088900000| Untracked 
|  50|0x0000000088a00000, 0x0000000088a00000, 0x0000000088b00000|  0%| F|  |TAMS 0x0000000088a00000, 0x0000000088a00000| Untracked 
|  51|0x0000000088b00000, 0x0000000088b00000, 0x0000000088c00000|  0%| F|  |TAMS 0x0000000088b00000, 0x0000000088b00000| Untracked 
|  52|0x0000000088c00000, 0x0000000088c00000, 0x0000000088d00000|  0%| F|  |TAMS 0x0000000088c00000, 0x0000000088c00000| Untracked 
|  53|0x0000000088d00000, 0x0000000088d00000, 0x0000000088e00000|  0%| F|  |TAMS 0x0000000088d00000, 0x0000000088d00000| Untracked 
|  54|0x0000000088e00000, 0x0000000088e00000, 0x0000000088f00000|  0%| F|  |TAMS 0x0000000088e00000, 0x0000000088e00000| Untracked 
|  55|0x0000000088f00000, 0x0000000088f00000, 0x0000000089000000|  0%| F|  |TAMS 0x0000000088f00000, 0x0000000088f00000| Untracked 
|  56|0x0000000089000000, 0x0000000089000000, 0x0000000089100000|  0%| F|  |TAMS 0x0000000089000000, 0x0000000089000000| Untracked 
|  57|0x0000000089100000, 0x0000000089100000, 0x0000000089200000|  0%| F|  |TAMS 0x0000000089100000, 0x0000000089100000| Untracked 
|  58|0x0000000089200000, 0x0000000089200000, 0x0000000089300000|  0%| F|  |TAMS 0x0000000089200000, 0x0000000089200000| Untracked 
|  59|0x0000000089300000, 0x0000000089300000, 0x0000000089400000|  0%| F|  |TAMS 0x0000000089300000, 0x0000000089300000| Untracked 
|  60|0x0000000089400000, 0x0000000089400000, 0x0000000089500000|  0%| F|  |TAMS 0x0000000089400000, 0x0000000089400000| Untracked 
|  61|0x0000000089500000, 0x0000000089500000, 0x0000000089600000|  0%| F|  |TAMS 0x0000000089500000, 0x0000000089500000| Untracked 
|  62|0x0000000089600000, 0x0000000089600000, 0x0000000089700000|  0%| F|  |TAMS 0x0000000089600000, 0x0000000089600000| Untracked 
|  63|0x0000000089700000, 0x0000000089700000, 0x0000000089800000|  0%| F|  |TAMS 0x0000000089700000, 0x0000000089700000| Untracked 
|  64|0x0000000089800000, 0x0000000089800000, 0x0000000089900000|  0%| F|  |TAMS 0x0000000089800000, 0x0000000089800000| Untracked 
|  65|0x0000000089900000, 0x0000000089900000, 0x0000000089a00000|  0%| F|  |TAMS 0x0000000089900000, 0x0000000089900000| Untracked 
|  66|0x0000000089a00000, 0x0000000089a00000, 0x0000000089b00000|  0%| F|  |TAMS 0x0000000089a00000, 0x0000000089a00000| Untracked 
|  67|0x0000000089b00000, 0x0000000089b00000, 0x0000000089c00000|  0%| F|  |TAMS 0x0000000089b00000, 0x0000000089b00000| Untracked 
|  68|0x0000000089c00000, 0x0000000089c00000, 0x0000000089d00000|  0%| F|  |TAMS 0x0000000089c00000, 0x0000000089c00000| Untracked 
|  69|0x0000000089d00000, 0x0000000089d00000, 0x0000000089e00000|  0%| F|  |TAMS 0x0000000089d00000, 0x0000000089d00000| Untracked 
|  70|0x0000000089e00000, 0x0000000089e00000, 0x0000000089f00000|  0%| F|  |TAMS 0x0000000089e00000, 0x0000000089e00000| Untracked 
|  71|0x0000000089f00000, 0x0000000089f00000, 0x000000008a000000|  0%| F|  |TAMS 0x0000000089f00000, 0x0000000089f00000| Untracked 
|  72|0x000000008a000000, 0x000000008a000000, 0x000000008a100000|  0%| F|  |TAMS 0x000000008a000000, 0x000000008a000000| Untracked 
|  73|0x000000008a100000, 0x000000008a100000, 0x000000008a200000|  0%| F|  |TAMS 0x000000008a100000, 0x000000008a100000| Untracked 
|  74|0x000000008a200000, 0x000000008a200000, 0x000000008a300000|  0%| F|  |TAMS 0x000000008a200000, 0x000000008a200000| Untracked 
|  75|0x000000008a300000, 0x000000008a300000, 0x000000008a400000|  0%| F|  |TAMS 0x000000008a300000, 0x000000008a300000| Untracked 
|  76|0x000000008a400000, 0x000000008a400000, 0x000000008a500000|  0%| F|  |TAMS 0x000000008a400000, 0x000000008a400000| Untracked 
|  77|0x000000008a500000, 0x000000008a500000, 0x000000008a600000|  0%| F|  |TAMS 0x000000008a500000, 0x000000008a500000| Untracked 
|  78|0x000000008a600000, 0x000000008a600000, 0x000000008a700000|  0%| F|  |TAMS 0x000000008a600000, 0x000000008a600000| Untracked 
|  79|0x000000008a700000, 0x000000008a700000, 0x000000008a800000|  0%| F|  |TAMS 0x000000008a700000, 0x000000008a700000| Untracked 
|  80|0x000000008a800000, 0x000000008a800000, 0x000000008a900000|  0%| F|  |TAMS 0x000000008a800000, 0x000000008a800000| Untracked 
|  81|0x000000008a900000, 0x000000008a900000, 0x000000008aa00000|  0%| F|  |TAMS 0x000000008a900000, 0x000000008a900000| Untracked 
|  82|0x000000008aa00000, 0x000000008aa00000, 0x000000008ab00000|  0%| F|  |TAMS 0x000000008aa00000, 0x000000008aa00000| Untracked 
|  83|0x000000008ab00000, 0x000000008ab00000, 0x000000008ac00000|  0%| F|  |TAMS 0x000000008ab00000, 0x000000008ab00000| Untracked 
|  84|0x000000008ac00000, 0x000000008ac00000, 0x000000008ad00000|  0%| F|  |TAMS 0x000000008ac00000, 0x000000008ac00000| Untracked 
|  85|0x000000008ad00000, 0x000000008ad00000, 0x000000008ae00000|  0%| F|  |TAMS 0x000000008ad00000, 0x000000008ad00000| Untracked 
|  86|0x000000008ae00000, 0x000000008ae00000, 0x000000008af00000|  0%| F|  |TAMS 0x000000008ae00000, 0x000000008ae00000| Untracked 
|  87|0x000000008af00000, 0x000000008af00000, 0x000000008b000000|  0%| F|  |TAMS 0x000000008af00000, 0x000000008af00000| Untracked 
|  88|0x000000008b000000, 0x000000008b000000, 0x000000008b100000|  0%| F|  |TAMS 0x000000008b000000, 0x000000008b000000| Untracked 
|  89|0x000000008b100000, 0x000000008b100000, 0x000000008b200000|  0%| F|  |TAMS 0x000000008b100000, 0x000000008b100000| Untracked 
|  90|0x000000008b200000, 0x000000008b200000, 0x000000008b300000|  0%| F|  |TAMS 0x000000008b200000, 0x000000008b200000| Untracked 
|  91|0x000000008b300000, 0x000000008b300000, 0x000000008b400000|  0%| F|  |TAMS 0x000000008b300000, 0x000000008b300000| Untracked 
|  92|0x000000008b400000, 0x000000008b400000, 0x000000008b500000|  0%| F|  |TAMS 0x000000008b400000, 0x000000008b400000| Untracked 
|  93|0x000000008b500000, 0x000000008b500000, 0x000000008b600000|  0%| F|  |TAMS 0x000000008b500000, 0x000000008b500000| Untracked 
|  94|0x000000008b600000, 0x000000008b600000, 0x000000008b700000|  0%| F|  |TAMS 0x000000008b600000, 0x000000008b600000| Untracked 
|  95|0x000000008b700000, 0x000000008b700000, 0x000000008b800000|  0%| F|  |TAMS 0x000000008b700000, 0x000000008b700000| Untracked 
|  96|0x000000008b800000, 0x000000008b800000, 0x000000008b900000|  0%| F|  |TAMS 0x000000008b800000, 0x000000008b800000| Untracked 
|  97|0x000000008b900000, 0x000000008b900000, 0x000000008ba00000|  0%| F|  |TAMS 0x000000008b900000, 0x000000008b900000| Untracked 
|  98|0x000000008ba00000, 0x000000008ba00000, 0x000000008bb00000|  0%| F|  |TAMS 0x000000008ba00000, 0x000000008ba00000| Untracked 
|  99|0x000000008bb00000, 0x000000008bb00000, 0x000000008bc00000|  0%| F|  |TAMS 0x000000008bb00000, 0x000000008bb00000| Untracked 
| 100|0x000000008bc00000, 0x000000008bc00000, 0x000000008bd00000|  0%| F|  |TAMS 0x000000008bc00000, 0x000000008bc00000| Untracked 
| 101|0x000000008bd00000, 0x000000008bd00000, 0x000000008be00000|  0%| F|  |TAMS 0x000000008bd00000, 0x000000008bd00000| Untracked 
| 102|0x000000008be00000, 0x000000008be00000, 0x000000008bf00000|  0%| F|  |TAMS 0x000000008be00000, 0x000000008be00000| Untracked 
| 103|0x000000008bf00000, 0x000000008bf00000, 0x000000008c000000|  0%| F|  |TAMS 0x000000008bf00000, 0x000000008bf00000| Untracked 
| 104|0x000000008c000000, 0x000000008c000000, 0x000000008c100000|  0%| F|  |TAMS 0x000000008c000000, 0x000000008c000000| Untracked 
| 105|0x000000008c100000, 0x000000008c100000, 0x000000008c200000|  0%| F|  |TAMS 0x000000008c100000, 0x000000008c100000| Untracked 
| 106|0x000000008c200000, 0x000000008c200000, 0x000000008c300000|  0%| F|  |TAMS 0x000000008c200000, 0x000000008c200000| Untracked 
| 107|0x000000008c300000, 0x000000008c300000, 0x000000008c400000|  0%| F|  |TAMS 0x000000008c300000, 0x000000008c300000| Untracked 
| 108|0x000000008c400000, 0x000000008c400000, 0x000000008c500000|  0%| F|  |TAMS 0x000000008c400000, 0x000000008c400000| Untracked 
| 109|0x000000008c500000, 0x000000008c500000, 0x000000008c600000|  0%| F|  |TAMS 0x000000008c500000, 0x000000008c500000| Untracked 
| 110|0x000000008c600000, 0x000000008c600000, 0x000000008c700000|  0%| F|  |TAMS 0x000000008c600000, 0x000000008c600000| Untracked 
| 111|0x000000008c700000, 0x000000008c700000, 0x000000008c800000|  0%| F|  |TAMS 0x000000008c700000, 0x000000008c700000| Untracked 
| 112|0x000000008c800000, 0x000000008c800000, 0x000000008c900000|  0%| F|  |TAMS 0x000000008c800000, 0x000000008c800000| Untracked 
| 113|0x000000008c900000, 0x000000008c900000, 0x000000008ca00000|  0%| F|  |TAMS 0x000000008c900000, 0x000000008c900000| Untracked 
| 114|0x000000008ca00000, 0x000000008ca00000, 0x000000008cb00000|  0%| F|  |TAMS 0x000000008ca00000, 0x000000008ca00000| Untracked 
| 115|0x000000008cb00000, 0x000000008cb00000, 0x000000008cc00000|  0%| F|  |TAMS 0x000000008cb00000, 0x000000008cb00000| Untracked 
| 116|0x000000008cc00000, 0x000000008ccec178, 0x000000008cd00000| 92%| E|  |TAMS 0x000000008cc00000, 0x000000008cc00000| Complete 
| 117|0x000000008cd00000, 0x000000008ce00000, 0x000000008ce00000|100%| E|CS|TAMS 0x000000008cd00000, 0x000000008cd00000| Complete 
| 118|0x000000008ce00000, 0x000000008cf00000, 0x000000008cf00000|100%| E|CS|TAMS 0x000000008ce00000, 0x000000008ce00000| Complete 
| 119|0x000000008cf00000, 0x000000008d000000, 0x000000008d000000|100%| E|CS|TAMS 0x000000008cf00000, 0x000000008cf00000| Complete 
| 120|0x000000008d000000, 0x000000008d100000, 0x000000008d100000|100%| E|CS|TAMS 0x000000008d000000, 0x000000008d000000| Complete 
| 121|0x000000008d100000, 0x000000008d200000, 0x000000008d200000|100%| E|CS|TAMS 0x000000008d100000, 0x000000008d100000| Complete 
| 122|0x000000008d200000, 0x000000008d300000, 0x000000008d300000|100%| E|CS|TAMS 0x000000008d200000, 0x000000008d200000| Complete 
| 123|0x000000008d300000, 0x000000008d400000, 0x000000008d400000|100%| E|CS|TAMS 0x000000008d300000, 0x000000008d300000| Complete 

Card table byte_map: [0x000001aa2ee40000,0x000001aa2f220000] _byte_map_base: 0x000001aa2ea14000

Marking Bits (Prev, Next): (CMBitMap*) 0x000001aa17ede590, (CMBitMap*) 0x000001aa17ede5d0
 Prev Bits: [0x000001aa2f600000, 0x000001aa314a0000)
 Next Bits: [0x000001aa314a0000, 0x000001aa33340000)

Polling page: 0x000001aa17650000

Metaspace:

Usage:
  Non-class:    978.59 KB used.
      Class:     78.57 KB used.
       Both:      1.03 MB used.

Virtual space:
  Non-class space:       64.00 MB reserved,       1.06 MB (  2%) committed,  1 nodes.
      Class space:        1.00 GB reserved,     128.00 KB ( <1%) committed,  1 nodes.
             Both:        1.06 GB reserved,       1.19 MB ( <1%) committed. 

Chunk freelists:
   Non-Class:  11.79 MB
       Class:  15.69 MB
        Both:  27.48 MB

MaxMetaspaceSize: unlimited
CompressedClassSpaceSize: 1.00 GB
Initial GC threshold: 21.00 MB
Current GC threshold: 21.00 MB
CDS: on
MetaspaceReclaimPolicy: balanced
 - commit_granule_bytes: 65536.
 - commit_granule_words: 8192.
 - virtual_space_node_default_size: 8388608.
 - enlarge_chunks_in_place: 1.
 - new_chunks_are_fully_committed: 0.
 - uncommit_free_chunks: 1.
 - use_allocation_guard: 0.
 - handle_deallocations: 1.


Internal statistics:

num_allocs_failed_limit: 0.
num_arena_births: 50.
num_arena_deaths: 0.
num_vsnodes_births: 2.
num_vsnodes_deaths: 0.
num_space_committed: 19.
num_space_uncommitted: 0.
num_chunks_returned_to_freelist: 0.
num_chunks_taken_from_freelist: 72.
num_chunk_merges: 0.
num_chunk_splits: 45.
num_chunks_enlarged: 28.
num_inconsistent_stats: 0.

CodeHeap 'non-profiled nmethods': size=120000Kb used=303Kb max_used=303Kb free=119696Kb
 bounds [0x000001aa27200000, 0x000001aa27470000, 0x000001aa2e730000]
CodeHeap 'profiled nmethods': size=120000Kb used=810Kb max_used=810Kb free=119189Kb
 bounds [0x000001aa1f730000, 0x000001aa1f9a0000, 0x000001aa26c60000]
CodeHeap 'non-nmethods': size=5760Kb used=1198Kb max_used=1225Kb free=4562Kb
 bounds [0x000001aa26c60000, 0x000001aa26ed0000, 0x000001aa27200000]
 total_blobs=1003 nmethods=612 adapters=303
 compilation: enabled
              stopped_count=0, restarted_count=0
 full_count=0

Compilation events (20 events):
Event: 14.985 Thread 0x000001aa35d6a760 nmethod 600 0x000001aa27248290 code [0x000001aa27248440, 0x000001aa272487a8]
Event: 14.986 Thread 0x000001aa7b321e50 nmethod 602 0x000001aa27248a10 code [0x000001aa27248b80, 0x000001aa27248c38]
Event: 14.986 Thread 0x000001aa7b321e50  605       4       chess.moves.Move::isValidColourMove (22 bytes)
Event: 14.986 Thread 0x000001aa35d6a760  606       4       chess.board.VirtualBoard::unsetOccupancyBitboard (9 bytes)
Event: 14.986 Thread 0x000001aa7b321e50 nmethod 605 0x000001aa27248d90 code [0x000001aa27248f00, 0x000001aa27248fb8]
Event: 14.986 Thread 0x000001aa7b321e50  607       4       chess.board.VirtualBoard::setOccupancyBitboard (9 bytes)
Event: 14.987 Thread 0x000001aa7b321e50 nmethod 607 0x000001aa27249090 code [0x000001aa27249200, 0x000001aa272492b8]
Event: 14.987 Thread 0x000001aa35d6a760 nmethod 606 0x000001aa27249390 code [0x000001aa27249500, 0x000001aa272495b8]
Event: 14.988 Thread 0x000001aa35d6a760  608       4       chess.board.VirtualBoard::setBlackOccupancyBitboard (9 bytes)
Event: 14.988 Thread 0x000001aa7b321e50  609       4       chess.board.VirtualBoard::unsetBlackOccupancyBitboard (9 bytes)
Event: 14.989 Thread 0x000001aa35d6a760 nmethod 608 0x000001aa27249690 code [0x000001aa27249800, 0x000001aa272498b8]
Event: 14.989 Thread 0x000001aa7b321e50 nmethod 609 0x000001aa27249990 code [0x000001aa27249b00, 0x000001aa27249bb8]
Event: 14.990 Thread 0x000001aa7b321e50  610       4       chess.resources.AttackMasks::getPawnNormalMoves (16 bytes)
Event: 14.990 Thread 0x000001aa35d6a760  611       4       chess.resources.AttackMasks::getPawnAttackMoves (16 bytes)
Event: 14.990 Thread 0x000001aa7b321e50 nmethod 610 0x000001aa27249c90 code [0x000001aa27249e00, 0x000001aa27249eb8]
Event: 14.990 Thread 0x000001aa35d6a760 nmethod 611 0x000001aa27249f90 code [0x000001aa2724a100, 0x000001aa2724a1b8]
Event: 14.992 Thread 0x000001aa35d8b950  612       3       chess.pieces.Bishop::isValidPosition (26 bytes)
Event: 14.992 Thread 0x000001aa35d8b950 nmethod 612 0x000001aa1f7fa590 code [0x000001aa1f7fa720, 0x000001aa1f7fa938]
Event: 15.002 Thread 0x000001aa7b321e50  613       4       chess.board.VirtualBoard::movePieceOnDisplayBoard (56 bytes)
Event: 15.015 Thread 0x000001aa7b321e50 nmethod 613 0x000001aa2724a290 code [0x000001aa2724a480, 0x000001aa2724b1b0]

GC Heap History (0 events):
No events

Deoptimization events (20 events):
Event: 14.956 Thread 0x000001aa17e84420 Uncommon trap: trap_request=0xffffffde fr.pc=0x000001aa272423c8 relative=0x0000000000000128
Event: 14.956 Thread 0x000001aa17e84420 Uncommon trap: reason=class_check action=maybe_recompile pc=0x000001aa272423c8 method=jdk.internal.misc.Unsafe.allocateUninitializedArray(Ljava/lang/Class;I)Ljava/lang/Object; @ 51 c2
Event: 14.956 Thread 0x000001aa17e84420 DEOPT PACKING pc=0x000001aa272423c8 sp=0x0000002f42bfed50
Event: 14.956 Thread 0x000001aa17e84420 DEOPT UNPACKING pc=0x000001aa26cb5ba3 sp=0x0000002f42bfecd8 mode 2
Event: 14.956 Thread 0x000001aa17e84420 Uncommon trap: trap_request=0xffffffde fr.pc=0x000001aa272423c8 relative=0x0000000000000128
Event: 14.956 Thread 0x000001aa17e84420 Uncommon trap: reason=class_check action=maybe_recompile pc=0x000001aa272423c8 method=jdk.internal.misc.Unsafe.allocateUninitializedArray(Ljava/lang/Class;I)Ljava/lang/Object; @ 51 c2
Event: 14.956 Thread 0x000001aa17e84420 DEOPT PACKING pc=0x000001aa272423c8 sp=0x0000002f42bfed50
Event: 14.956 Thread 0x000001aa17e84420 DEOPT UNPACKING pc=0x000001aa26cb5ba3 sp=0x0000002f42bfecd8 mode 2
Event: 14.956 Thread 0x000001aa17e84420 Uncommon trap: trap_request=0xffffffde fr.pc=0x000001aa272423c8 relative=0x0000000000000128
Event: 14.956 Thread 0x000001aa17e84420 Uncommon trap: reason=class_check action=maybe_recompile pc=0x000001aa272423c8 method=jdk.internal.misc.Unsafe.allocateUninitializedArray(Ljava/lang/Class;I)Ljava/lang/Object; @ 51 c2
Event: 14.956 Thread 0x000001aa17e84420 DEOPT PACKING pc=0x000001aa272423c8 sp=0x0000002f42bfed50
Event: 14.956 Thread 0x000001aa17e84420 DEOPT UNPACKING pc=0x000001aa26cb5ba3 sp=0x0000002f42bfecd8 mode 2
Event: 14.979 Thread 0x000001aa17e84420 DEOPT PACKING pc=0x000001aa1f7d3cc9 sp=0x0000002f42bfee30
Event: 14.979 Thread 0x000001aa17e84420 DEOPT UNPACKING pc=0x000001aa26cb66e3 sp=0x0000002f42bfe358 mode 0
Event: 1301.846 Thread 0x000001aa17e84420 DEOPT PACKING pc=0x000001aa27248bd0 sp=0x0000002f42bff060
Event: 1301.847 Thread 0x000001aa17e84420 DEOPT UNPACKING pc=0x000001aa26cb66e3 sp=0x0000002f42bfe488 mode 1
Event: 1301.861 Thread 0x000001aa17e84420 DEOPT PACKING pc=0x000001aa1f7dd61c sp=0x0000002f42bff0a0
Event: 1301.862 Thread 0x000001aa17e84420 DEOPT UNPACKING pc=0x000001aa26cb66e3 sp=0x0000002f42bfe5e0 mode 1
Event: 1301.862 Thread 0x000001aa17e84420 DEOPT PACKING pc=0x000001aa1f7ddcec sp=0x0000002f42bff1d0
Event: 1301.862 Thread 0x000001aa17e84420 DEOPT UNPACKING pc=0x000001aa26cb66e3 sp=0x0000002f42bfe728 mode 1

Classes unloaded (0 events):
No events

Classes redefined (0 events):
No events

Internal exceptions (0 events):
No events

VM Operations (20 events):
Event: 1301.818 Executing VM operation: ChangeBreakpoints
Event: 1301.819 Executing VM operation: ChangeBreakpoints done
Event: 1301.819 Executing VM operation: ChangeBreakpoints
Event: 1301.820 Executing VM operation: ChangeBreakpoints done
Event: 1301.820 Executing VM operation: ChangeBreakpoints
Event: 1301.820 Executing VM operation: ChangeBreakpoints done
Event: 1301.821 Executing VM operation: ChangeBreakpoints
Event: 1301.821 Executing VM operation: ChangeBreakpoints done
Event: 1301.821 Executing VM operation: ChangeBreakpoints
Event: 1301.831 Executing VM operation: ChangeBreakpoints done
Event: 1301.831 Executing VM operation: ChangeBreakpoints
Event: 1301.846 Executing VM operation: ChangeBreakpoints done
Event: 1301.846 Executing VM operation: ChangeBreakpoints
Event: 1301.861 Executing VM operation: ChangeBreakpoints done
Event: 1301.861 Executing VM operation: ChangeBreakpoints
Event: 1301.862 Executing VM operation: ChangeBreakpoints done
Event: 1301.862 Executing VM operation: ChangeBreakpoints
Event: 1301.862 Executing VM operation: ChangeBreakpoints done
Event: 1301.862 Executing VM operation: ChangeBreakpoints
Event: 1301.862 Executing VM operation: ChangeBreakpoints done

Events (20 events):
Event: 14.815 loading class chess/pieces/SpecialChessPiece done
Event: 14.820 loading class chess/generateMoves/GenerateBishopMoves
Event: 14.820 loading class chess/generateMoves/GenerateBishopMoves done
Event: 14.824 loading class chess/pieces/Bishop
Event: 14.824 loading class chess/pieces/Bishop done
Event: 14.825 loading class chess/generateMoves/GenerateKnightMoves
Event: 14.825 loading class chess/generateMoves/GenerateKnightMoves done
Event: 14.827 loading class chess/pieces/Knight
Event: 14.827 loading class chess/pieces/Knight done
Event: 14.828 loading class chess/generateMoves/GeneratePawnMoves
Event: 14.828 loading class chess/generateMoves/GeneratePawnMoves done
Event: 14.834 loading class chess/board/VirtualBoard
Event: 14.834 loading class chess/board/VirtualBoard done
Event: 14.837 loading class chess/evaluation/BoardEvaluator
Event: 14.837 loading class chess/evaluation/BoardEvaluator done
Event: 14.865 Thread 0x000001aa7b321e50 Thread added: 0x000001aa7b321e50
Event: 14.888 loading class jdk/internal/access/foreign/MemorySegmentProxy
Event: 14.888 loading class jdk/internal/access/foreign/MemorySegmentProxy done
Event: 20.022 Thread 0x000001aa7b321e50 Thread exited: 0x000001aa7b321e50
Event: 1301.818 Thread 0x000001aa7b22f100 Thread exited: 0x000001aa7b22f100


Dynamic libraries:
0x00007ff76ca80000 - 0x00007ff76ca90000 	C:\Program Files\Java\jdk-17\bin\java.exe
0x00007ffef97b0000 - 0x00007ffef99c6000 	C:\WINDOWS\SYSTEM32\ntdll.dll
0x00007ffef74e0000 - 0x00007ffef75a4000 	C:\WINDOWS\System32\KERNEL32.DLL
0x00007ffef7010000 - 0x00007ffef73b7000 	C:\WINDOWS\System32\KERNELBASE.dll
0x00007ffef6ec0000 - 0x00007ffef6fd1000 	C:\WINDOWS\System32\ucrtbase.dll
0x00007ffed53f0000 - 0x00007ffed5409000 	C:\Program Files\Java\jdk-17\bin\jli.dll
0x00007ffed3a30000 - 0x00007ffed3a4b000 	C:\Program Files\Java\jdk-17\bin\VCRUNTIME140.dll
0x00007ffef96b0000 - 0x00007ffef9762000 	C:\WINDOWS\System32\ADVAPI32.dll
0x00007ffef9600000 - 0x00007ffef96a7000 	C:\WINDOWS\System32\msvcrt.dll
0x00007ffef7620000 - 0x00007ffef76c8000 	C:\WINDOWS\System32\sechost.dll
0x00007ffef6be0000 - 0x00007ffef6c08000 	C:\WINDOWS\System32\bcrypt.dll
0x00007ffef7750000 - 0x00007ffef7865000 	C:\WINDOWS\System32\RPCRT4.dll
0x00007ffef9160000 - 0x00007ffef930e000 	C:\WINDOWS\System32\USER32.dll
0x00007ffef6fe0000 - 0x00007ffef7006000 	C:\WINDOWS\System32\win32u.dll
0x00007ffef75f0000 - 0x00007ffef7619000 	C:\WINDOWS\System32\GDI32.dll
0x00007ffed8370000 - 0x00007ffed8603000 	C:\WINDOWS\WinSxS\amd64_microsoft.windows.common-controls_6595b64144ccf1df_6.0.22621.3235_none_270f74e173860f98\COMCTL32.dll
0x00007ffef73c0000 - 0x00007ffef74d9000 	C:\WINDOWS\System32\gdi32full.dll
0x00007ffef6ad0000 - 0x00007ffef6b6a000 	C:\WINDOWS\System32\msvcp_win.dll
0x00007ffee94b0000 - 0x00007ffee94ba000 	C:\WINDOWS\SYSTEM32\VERSION.dll
0x00007ffef75b0000 - 0x00007ffef75e1000 	C:\WINDOWS\System32\IMM32.DLL
0x00007ffeeb7b0000 - 0x00007ffeeb7bc000 	C:\Program Files\Java\jdk-17\bin\vcruntime140_1.dll
0x00007ffeb6d00000 - 0x00007ffeb6d8e000 	C:\Program Files\Java\jdk-17\bin\msvcp140.dll
0x00007ffe73950000 - 0x00007ffe7452f000 	C:\Program Files\Java\jdk-17\bin\server\jvm.dll
0x00007ffef76d0000 - 0x00007ffef76d8000 	C:\WINDOWS\System32\PSAPI.DLL
0x00007ffeeb5c0000 - 0x00007ffeeb5f4000 	C:\WINDOWS\SYSTEM32\WINMM.dll
0x00007ffed0110000 - 0x00007ffed0119000 	C:\WINDOWS\SYSTEM32\WSOCK32.dll
0x00007ffef8180000 - 0x00007ffef81f1000 	C:\WINDOWS\System32\WS2_32.dll
0x00007ffef5ae0000 - 0x00007ffef5af8000 	C:\WINDOWS\SYSTEM32\kernel.appcore.dll
0x00007ffee8520000 - 0x00007ffee852a000 	C:\Program Files\Java\jdk-17\bin\jimage.dll
0x00007ffef4560000 - 0x00007ffef4793000 	C:\WINDOWS\SYSTEM32\DBGHELP.DLL
0x00007ffef8220000 - 0x00007ffef85a8000 	C:\WINDOWS\System32\combase.dll
0x00007ffef8760000 - 0x00007ffef8837000 	C:\WINDOWS\System32\OLEAUT32.dll
0x00007ffed3630000 - 0x00007ffed3662000 	C:\WINDOWS\SYSTEM32\dbgcore.DLL
0x00007ffef6c10000 - 0x00007ffef6c89000 	C:\WINDOWS\System32\bcryptPrimitives.dll
0x00007ffed97f0000 - 0x00007ffed982b000 	C:\Program Files\Java\jdk-17\bin\jdwp.dll
0x00007ffed73a0000 - 0x00007ffed73ae000 	C:\Program Files\Java\jdk-17\bin\instrument.dll
0x00007ffebc960000 - 0x00007ffebc985000 	C:\Program Files\Java\jdk-17\bin\java.dll
0x00007ffed5450000 - 0x00007ffed5468000 	C:\Program Files\Java\jdk-17\bin\zip.dll
0x00007ffeaf520000 - 0x00007ffeaf5f7000 	C:\Program Files\Java\jdk-17\bin\jsvml.dll
0x00007ffef8860000 - 0x00007ffef90bc000 	C:\WINDOWS\System32\SHELL32.dll
0x00007ffef49e0000 - 0x00007ffef52d9000 	C:\WINDOWS\SYSTEM32\windows.storage.dll
0x00007ffef48a0000 - 0x00007ffef49de000 	C:\WINDOWS\SYSTEM32\wintypes.dll
0x00007ffef8010000 - 0x00007ffef8103000 	C:\WINDOWS\System32\SHCORE.dll
0x00007ffef7fa0000 - 0x00007ffef7ffe000 	C:\WINDOWS\System32\shlwapi.dll
0x00007ffef6a00000 - 0x00007ffef6a21000 	C:\WINDOWS\SYSTEM32\profapi.dll
0x00007ffed3620000 - 0x00007ffed362c000 	C:\Program Files\Java\jdk-17\bin\dt_socket.dll
0x00007ffef5540000 - 0x00007ffef556d000 	C:\WINDOWS\SYSTEM32\IPHLPAPI.DLL
0x00007ffef6000000 - 0x00007ffef6069000 	C:\WINDOWS\system32\mswsock.dll
0x00007ffed3300000 - 0x00007ffed3319000 	C:\Program Files\Java\jdk-17\bin\net.dll
0x00007ffeede50000 - 0x00007ffeedf86000 	C:\WINDOWS\SYSTEM32\WINHTTP.dll
0x00007ffecd740000 - 0x00007ffecd756000 	C:\Program Files\Java\jdk-17\bin\nio.dll

dbghelp: loaded successfully - version: 4.0.5 - missing functions: none
symbol engine: initialized successfully - sym options: 0x614 - pdb path: .;C:\Program Files\Java\jdk-17\bin;C:\WINDOWS\SYSTEM32;C:\WINDOWS\WinSxS\amd64_microsoft.windows.common-controls_6595b64144ccf1df_6.0.22621.3235_none_270f74e173860f98;C:\Program Files\Java\jdk-17\bin\server

VM Arguments:
jvm_args: -agentlib:jdwp=transport=dt_socket,address=127.0.0.1:56200,suspend=y,server=n -javaagent:C:\Users\Akhilesh\AppData\Local\JetBrains\IntelliJIdea2023.3\captureAgent\debugger-agent.jar -Dfile.encoding=UTF-8 
java_command: org.example.Main
java_class_path (initial): D:\ChessEngine\target\classes;C:\Program Files\JetBrains\IntelliJ IDEA 2023.3.4\lib\idea_rt.jar
Launcher Type: SUN_STANDARD

[Global flags]
     intx CICompilerCount                          = 4                                         {product} {ergonomic}
     uint ConcGCThreads                            = 2                                         {product} {ergonomic}
     uint G1ConcRefinementThreads                  = 8                                         {product} {ergonomic}
   size_t G1HeapRegionSize                         = 1048576                                   {product} {ergonomic}
    uintx GCDrainStackTargetSize                   = 64                                        {product} {ergonomic}
   size_t InitialHeapSize                          = 130023424                                 {product} {ergonomic}
   size_t MarkStackSize                            = 4194304                                   {product} {ergonomic}
   size_t MaxHeapSize                              = 2055208960                                {product} {ergonomic}
   size_t MaxNewSize                               = 1233125376                                {product} {ergonomic}
   size_t MinHeapDeltaBytes                        = 1048576                                   {product} {ergonomic}
   size_t MinHeapSize                              = 8388608                                   {product} {ergonomic}
    uintx NonNMethodCodeHeapSize                   = 5839372                                {pd product} {ergonomic}
    uintx NonProfiledCodeHeapSize                  = 122909434                              {pd product} {ergonomic}
    uintx ProfiledCodeHeapSize                     = 122909434                              {pd product} {ergonomic}
    uintx ReservedCodeCacheSize                    = 251658240                              {pd product} {ergonomic}
     bool SegmentedCodeCache                       = true                                      {product} {ergonomic}
   size_t SoftMaxHeapSize                          = 2055208960                             {manageable} {ergonomic}
     bool UseCompressedClassPointers               = true                           {product lp64_product} {ergonomic}
     bool UseCompressedOops                        = true                           {product lp64_product} {ergonomic}
     bool UseG1GC                                  = true                                      {product} {ergonomic}
     bool UseLargePagesIndividualAllocation        = false                                  {pd product} {ergonomic}

Logging:
Log output configuration:
 #0: stdout all=warning uptime,level,tags
 #1: stderr all=off uptime,level,tags

Environment Variables:
JAVA_HOME=C:\Program Files\Java\jdk-17
PATH=C:\Python311\Scripts\;C:\Python311\;C:\Program Files\Common Files\Oracle\Java\javapath;C:\oraclexe\app\oracle\product\11.2.0\server\bin;C:\WINDOWS\system32;C:\WINDOWS;C:\WINDOWS\System32\Wbem;C:\WINDOWS\System32\WindowsPowerShell\v1.0\;C:\WINDOWS\System32\OpenSSH\;C:\Users\Akhilesh\OneDrive\Desktop\VIT Materials\MATLAB\bin;C:\mingw64\bin;C:\Program Files\Git\cmd;C:\ProgramData\chocolatey\bin;C:\Program Files\R\R-4.2.2\bin;C:\metasploit-framework\bin\;C:\Program Files (x86)\GnuWin32\bin;C:\Program Files\Docker\Docker\resources\bin;C:\Program Files (x86)\MySQL\MySQL Fabric 1.5 & MySQL Utilities 1.5\;C:\Program Files (x86)\MySQL\MySQL Fabric 1.5 & MySQL Utilities 1.5\Doctrine extensions for PHP\;D:\tools (k8s);C:\Program Files\MySQL\MySQL Server 5.7\bin;C:\Users\Akhilesh\AppData\Local\Programs\Python\Python312;C:\Users\Akhilesh\.docker\contexts\meta\fe9c6bd7a66301f49ca9b6a70b217107cd1284598bfc254700c989b916da791e;C:\Program Files\OpenSSL-Win64\bin;D:\tools (k8s)\PostgreSQL\16\bin;D:\PJT\nginx-1.24.0;C:\Program Files\Java\jdk-17\bin;C:\Users\Akhilesh\.cargo\bin;C:\Program Files\nodejs\;C:\Program Files\HP\HP One Agent;C:\Users\Akhilesh\.cargo\bin;C:\Users\Akhilesh\AppData\Local\Microsoft\WindowsApps;C:\Users\Akhilesh\AppData\Local\Programs\Microsoft VS Code\bin;D:\tools (k8s);C:\Program Files\MySQL\MySQL Server 5.7\bin;C:\Users\Akhilesh\AppData\Local\Programs\Python\Python312;C:\Users\Akhilesh\.docker\contexts\meta\fe9c6bd7a66301f49ca9b6a70b217107cd1284598bfc254700c989b916da791e;;C:\Program Files\JetBrains\IntelliJ IDEA 2023.3.4\bin;;C:\Users\Akhilesh\AppData\Roaming\npm
USERNAME=Akhilesh
OS=Windows_NT
PROCESSOR_IDENTIFIER=Intel64 Family 6 Model 140 Stepping 1, GenuineIntel



---------------  S Y S T E M  ---------------

OS:
 Windows 11 , 64 bit Build 22621 (10.0.22621.3374)
OS uptime: 3 days 11:53 hours
Hyper-V role detected

CPU: total 8 (initial active 8) (4 cores per cpu, 2 threads per core) family 6 model 140 stepping 1 microcode 0xb4, cx8, cmov, fxsr, ht, mmx, 3dnowpref, sse, sse2, sse3, ssse3, sse4.1, sse4.2, popcnt, lzcnt, tsc, tscinvbit, avx, avx2, aes, erms, clmul, bmi1, bmi2, adx, avx512f, avx512dq, avx512cd, avx512bw, avx512vl, sha, fma, vzeroupper, avx512_vpopcntdq, avx512_vpclmulqdq, avx512_vaes, avx512_vnni, clflush, clflushopt, clwb, avx512_vbmi2, avx512_vbmi, hv

Memory: 4k page, system-wide physical 7834M (502M free)
TotalPageFile size 29594M (AvailPageFile size 4778M)
current process WorkingSet (physical memory assigned to process): 7M, peak: 48M
current process commit charge ("private bytes"): 208M, peak: 211M

vm_info: Java HotSpot(TM) 64-Bit Server VM (17.0.10+11-LTS-240) for windows-amd64 JRE (17.0.10+11-LTS-240), built on Dec 19 2023 21:47:25 by "mach5one" with MS VC++ 17.1 (VS2022)

END.
